  XYZ Bookstore                                           CASH TRANSACTIONS REPORT
  Caracas, Venezuela
  
  DATE       TYPE CONCEPT                DOCUMENT        REFERENCE          AMOUNT
  ========== ==== ====================== =============== ========== ==============
  
  GPOS ID: 005  H
  
  --------------------------------------------------------------------------------
  
  11-04-2001 AP   APERTURA DE CAJA 005   AURA15          AURAAPERTU      20,000.00
  
  --------------------------------------------------------------------------------
                                          ** POS TOTAL (005  ) **        20,000.00
                                          ** MIN AMOUNT **               20,000.00
                                          ** MAX AMOUNT **               20,000.00
                                          ** TRANSACTION COUNT **                1
  --------------------------------------------------------------------------------
  
  GPOS ID: 01   H
  
  --------------------------------------------------------------------------------
  
  02-02-2001 SA   CAFES + DONUTS         1255                            -1,500.00
  02-02-2001 SA   CAFES + DONUTS         1255                            -1,500.00
  02-02-2001 EN   REPOSICION             545454                          40,000.00
  03-02-2001 SA   SDFW                   121                             -5,000.00
  03-02-2001 EN   PRUEBA1                4545            15              15,000.00
  03-02-2001 TS   TRANSFERENCIA          20010203143026                 -10,000.00
  03-02-2001 TS   TRANSF. A CAJA CAJA CH 20010203145316  CH1            -10,000.00
  07-02-2001 EN   EFECTIVO NO DEPOSITADO 123456                          27,000.00
  23-02-2001 TS   TRANSF. A CAJA CAJA CH 20010223151411  CH1            -10,000.00
  23-02-2001 AJ   AJUSTE X EFECTIVO NO D 00101                          -39,000.00
  23-02-2001 AP   EFECTIVO NO DEPOSITADO 00101                           39,000.00
  23-02-2001 EN   PRUEBA 1               121                             50,000.00
  23-02-2001 EN   PRUEBA 2               122                             25,000.00
  23-02-2001 AJ   AJUSTE X EFECTIVO NO D 00103                          -25,000.00
  23-02-2001 AP   EFECTIVO NO DEPOSITADO 00103                           25,000.00
  23-02-2001 EN   PRUEBA 2               011154                          10,000.00
  23-02-2001 EN   WREFEE                 011155                          15,000.00
  23-02-2001 AJ   AJUSTE X EFECTIVO NO D 00104                          -15,000.00
  23-02-2001 AP   EFECTIVO NO DEPOSITADO 00104                           15,000.00
  27-02-2001 EN   3RGHRW                 121                            100,000.00
  
  
  10-04-2001 AJ   AJUSTE X EFECTIVO NO D 00105                          -50,000.00
  10-04-2001 AP   EFECTIVO NO DEPOSITADO 00105                           50,000.00
  15-04-2001 SA   JLKLHKJHKJ             KLJKJLKJ        KJLKJ          -12,200.00
  
  
  11-07-2001 AJ   AJUSTE X EFECTIVO NO D 123456789                      -27,800.00
  11-07-2001 AP   EFECTIVO NO DEPOSITADO 123456789                       27,800.00
  11-07-2001 AJ   AJUSTE X EFECTIVO NO D 987654                         -17,800.00
  11-07-2001 AP   EFECTIVO NO DEPOSITADO 987654                          17,800.00
  11-07-2001 AJ   AJUSTE X EFECTIVO NO D 654                            -17,000.00
  11-07-2001 AP   EFECTIVO NO DEPOSITADO 654                          1,150,000.00
  
  
  
  26-01-2023 10:15:02 A                                                  1 of 6
  XYZ Bookstore                                           CASH TRANSACTIONS REPORT
  Caracas, Venezuela
  
  DATE       TYPE CONCEPT                DOCUMENT        REFERENCE          AMOUNT
  ========== ==== ====================== =============== ========== ==============
  --------------------------------------------------------------------------------
                                          ** POS TOTAL (01   ) **     1,364,800.00
                                          ** MIN AMOUNT **              -50,000.00
                                          ** MAX AMOUNT **            1,150,000.00
                                          ** TRANSACTION COUNT **               29
  --------------------------------------------------------------------------------
  
  GPOS ID: 02   H
  
  --------------------------------------------------------------------------------
  
  02-02-2001 EN   TAXI CCS-MAQ           4555                            10,000.00
  02-02-2001 EN   REPOSICION             45554                           20,000.00
  02-02-2001 EN   RGRW                   232                             20,000.00
  02-02-2001 EN   REPOSICION             454                             35,000.00
  02-02-2001 SA   TAXI                   1212                           -15,000.00
  02-02-2001 SA   NADA                   1212                            -5,000.00
  03-02-2001 EN   PRUEBA                 1000                            10,000.00
  03-02-2001 EN   PRUEBA                 1542556                         15,000.00
  03-02-2001 SA   AADAD                  1321                            -2,000.00
  03-02-2001 TE   TRANSFERENCIA          20010203143026                  10,000.00
  06-02-2001 EN   RGOHWRGWE              142             124             20,000.00
  06-02-2001 EN   WRGWR                  134134          134             20,000.00
  07-02-2001 EN   EFECTIVO NO DEPOSITADO 123456                          23,000.00
  07-02-2001 DP   DEPOSITO DE CAJA EN BA 123456                          30,000.00
  07-02-2001 EN   EFECTIVO NO DEPOSITADO 123456                          23,000.00
  07-02-2001 DP   DEPOSITO DE CAJA EN BA 10680997                        68,000.00
  26-02-2001 SA   LKJLKJK                00104                          -25,000.00
  
  
  18-04-2001 EN   JKHDKJHSDKJ            0135435         54313434         1,000.00
  18-04-2001 EN   .KJKLJLJ               ,JM,MBMN        KJHKJHK         10,000.00
  --------------------------------------------------------------------------------
                                          ** POS TOTAL (02   ) **       268,000.00
                                          ** MIN AMOUNT **              -25,000.00
                                          ** MAX AMOUNT **               68,000.00
                                          ** TRANSACTION COUNT **               19
  --------------------------------------------------------------------------------
  
  GPOS ID: 03   H
  
  --------------------------------------------------------------------------------
  11-04-2001 AP   APERTURA DE CAJA       00105           00105          100,000.00
  11-04-2001 SA   VIATICOS MENSAJERO     00105           00105          -10,000.00
  11-04-2001 EN   INGRESO POA ALGUNA RAZ AURA15          NUMAURA15      100,000.00
  
  
  22-08-2001 EN   PRUEBA                 456545                          50,000.00
  



  
  
  26-01-2023 10:15:02 A                                                  2 of 6
  XYZ Bookstore                                           CASH TRANSACTIONS REPORT
  Caracas, Venezuela
  
  DATE       TYPE CONCEPT                DOCUMENT        REFERENCE          AMOUNT
  ========== ==== ====================== =============== ========== ==============
  --------------------------------------------------------------------------------
                                          ** POS TOTAL (03   ) **       240,000.00
                                          ** MIN AMOUNT **              -10,000.00
                                          ** MAX AMOUNT **              100,000.00
                                          ** TRANSACTION COUNT **                4
  --------------------------------------------------------------------------------
  
  GPOS ID: CH1  H
  
  --------------------------------------------------------------------------------
  
  03-02-2001 TE   TRANSF. DESDE CAJA PRI 20010203145316  01              10,000.00
  07-02-2001 EN   EFECTIVO NO DEPOSITADO 123456                          10,000.00
  21-02-2001 EN   ABONO A FAC.#                          AB00000113      10,000.00
  23-02-2001 TE   TRANSF. DESDE CAJA PRI 20010223151411  01              10,000.00
  24-02-2001 EN   ABONO A FAC.#FAC000004 0001            AB00000136       5,000.00
  24-02-2001 EN   ABONO A FAC.#FAC000004 0002            AB00000136       5,000.00
  25-02-2001 EN   ABONO A FAC.#FAC000004 12112           AB00000137      10,000.00
  25-02-2001 EN   ABONO A FAC.#FAC000004 131             AB00000137       5,000.00
  26-02-2001 EN   PAGO MULTIPLE          212             AB00000138      60,000.00
  
  
  27-03-2001 EN   SISTEMA   .#FAC0000050                 FAC0000050       1,330.00
  28-03-2001 EN   PAGO DE INICIAL                        FI00000023         200.00
  28-03-2001 EN   SISTEMA   .#FAC0000057                 FAC0000057      17,955.00
  
  
  02-04-2001 SA   GUHEUGH                13                             -10,000.00
  02-04-2001 EN   ETGUHEG                23232           3213            15,000.00
  02-04-2001 TS   TRANSF. A CAJA CAJA CH 20010402172631  CH2             -5,000.00
  02-04-2001 EN   RGIHRGRWRW             251343          131          1,050,000.00
  02-04-2001 EN   ABONO A FAC.#FAC000005                 AB00000141      20,000.00
  02-04-2001 EN   PAGO MULTIPLE                          AB00000142      20,000.00
  02-04-2001 EN   PAGO MULTIPLE          1212121         AB00000142      20,000.00
  07-04-2001 EN   PAGO POR SERVICIOS     000001          000001         100,000.00
  10-04-2001 EN   SISTEMA   .#FAC0000063                 FAC0000063       1,610.26
  10-04-2001 EN   PAGO DE INICIAL                        FI00000024      50,000.00
  11-04-2001 EN   CANCELACION DE FAC.#                   CA00000045      19,089.07
  12-04-2001 EN   PAGO MULTIPLE                          AB00000145       2,000.00
  12-04-2001 EN   SISTEMA   .#FAC0000065                 FAC0000065       1,995.00
  12-04-2001 EN   SISTEMA   .#FAC0000066                 FAC0000066       1,995.00
  12-04-2001 EN   SISTEMA   .#FAC0000069                 FAC0000069       1,505.00
  12-04-2001 EN   SISTEMA   .#FAC0000070                 FAC0000070       1,130.00
  20-04-2001 EN   SISTEMA   .#FAC0000074                 FAC0000074       3,240.00
  20-04-2001 EN   SISTEMA   .#FAC0000073                 FAC0000073       1,347.50
  23-04-2001 EN   SISTEMA   .#FAC0000075                 FAC0000075     556,875.00
  26-04-2001 EN   ABONO A FAC.#                          AB00000148      50,000.00
  28-04-2001 EN   ABONO A FAC.#                          AB00000150      20,000.00
  28-04-2001 EN   ABONO A FAC.#          898798798       AB00000150      10,000.00
  28-04-2001 SA   ABONO A FAC.#                          AB00000151       4,820.00
  28-04-2001 SA   CANCELACION DE FAC.#                   AB00000151       4,820.00
  30-04-2001 EN   PAGO DE INICIAL                        FI00000044      50,000.00
  
  
  26-01-2023 10:15:02 A                                                  3 of 6
  XYZ Bookstore                                           CASH TRANSACTIONS REPORT
  Caracas, Venezuela
  
  DATE       TYPE CONCEPT                DOCUMENT        REFERENCE          AMOUNT
  ========== ==== ====================== =============== ========== ==============
  
  GPOS ID: CH1  H
  
  --------------------------------------------------------------------------------
  30-04-2001 EN   PAGO DE INICIAL                        FI00000045       1,000.00
  
  
  05-05-2001 EN   FAC.#FAC0000082                        FAC0000082       5,049.45
  07-05-2001 EN   FAC.#FAC0000083                        FAC0000083      40,500.00
  07-05-2001 EN   FAC.#FAC0000084                        FAC0000084       6,750.00
  07-05-2001 EN   FAC.#FAC0000085                        FAC0000085      73,500.00
  07-05-2001 EN   FAC.#FAC0000086                        FAC0000086      27,777.78
  07-05-2001 EN   FAC.#FAC0000087                        FAC0000087      49,500.00
  07-05-2001 EN   FAC.#FAC0000088                        FAC0000088      39,027.79
  08-05-2001 EN   FAC.#FAC0000105 (CONTA                 FAC0000105     257,625.00
  08-05-2001 EN   FAC.#FAC0000106                        FAC0000106     257,625.00
  09-05-2001 EN   FAC.#FAC0000108                        FAC0000108       6,713.00
  09-05-2001 EN   FAC.#FAC0000109      (                 FAC0000109       6,615.00
  10-05-2001 EN   FAC.#FAC0000113 (CONTA                 FAC0000113     257,625.00
  10-05-2001 EN   FAC.#FAC0000114                        FAC0000114     257,625.00
  10-05-2001 EN   FAC.#FAC0000115                        FAC0000115     257,625.00
  10-05-2001 EN   FAC.#FAC0000116                        FAC0000116     257,625.00
  10-05-2001 EN   FAC.#FAC0000117      (                 FAC0000117     257,625.00
  10-05-2001 EN   FAC.#FAC0000118      (                 FAC0000118     257,625.00
  11-05-2001 EN   FAC.#FAC0000119                        FAC0000119     257,625.00
  
  
  12-06-2001 EN   PAGO MULTIPLE                          AB00000165      20,000.00
  13-06-2001 SA   ABONO A FAC.#FAC000012                 AB00000172      15,000.00
  13-06-2001 EN   ABONO A DOC.#FAC000012                 AB00000174      10,000.00
  13-06-2001 EN   ABONO A DOC.#                          AB00000180       5,000.00
  13-06-2001 EN   ABONO A DOC.#                          AB00000182      15,000.00
  13-06-2001 EN   ABONO A DOC.#                          AB00000185      20,000.00
  15-06-2001 EN   FAC.#FAC0000123                        FAC0000123      20,250.00
  15-06-2001 SA   COM.#CO00000031                        CO00000031       1,350.00
  26-06-2001 EN   ABONO A DOC.#FAC000012                 AB00000189       1,000.00
  26-06-2001 EN   PAGO MULTIPLE                          AB00000193       5,000.00
  26-06-2001 EN   PAGO MULTIPLE                          AB00000194       3,706.22
  
  
  02-07-2001 EN   ABONO A DOC.#FAC000012 1111            AB00000195      10,000.00
  06-07-2001 EN   FAC.#FAC0000127 (CONTA                 FAC0000127     572,500.00
  17-07-2001 SA   COM.#CO00000033      (                 CO00000033      20,250.00
  17-07-2001 EN   PAGO DE INICIAL                        FI00000046      10,000.00
  20-07-2001 EN   CANCELACION DEL DOC.#F                 CA00000127      25,000.00
  30-07-2001 SA   COM.#CO00000029      (                 CO00000029       7,280.00
  
  
  06-08-2001 EN   3R231231ER             2323                            15,000.00
  06-08-2001 EN   ABONO A DOC.#FAC000014                 AB00000215       1,000.00
  06-08-2001 EN   ABONO A DOC.#FAC000013                 AB00000216       5,000.00
  07-08-2001 SA   COM.#CO00000035 (CONTA                 CO00000035         171.75
  
  
  26-01-2023 10:15:02 A                                                  4 of 6
  XYZ Bookstore                                           CASH TRANSACTIONS REPORT
  Caracas, Venezuela
  
  DATE       TYPE CONCEPT                DOCUMENT        REFERENCE          AMOUNT
  ========== ==== ====================== =============== ========== ==============
  
  GPOS ID: CH1  H
  
  --------------------------------------------------------------------------------
  14-08-2001 EN   FAC.#FAC0000143      (                 FAC0000143     145,775.00
  22-08-2001 SA   WFWRGWGEG              15              545         -1,400,000.00
  22-08-2001 EN   THTEHWTEH              REYWRE          RER          2,450,000.00
  
  --------------------------------------------------------------------------------
                                          ** POS TOTAL (CH1  ) **     6,688,252.82
                                          ** MIN AMOUNT **           -1,400,000.00
                                          ** MAX AMOUNT **            2,450,000.00
                                          ** TRANSACTION COUNT **               80
  --------------------------------------------------------------------------------
  
  GPOS ID: CH2  H
  
  --------------------------------------------------------------------------------
  
  02-04-2001 TE   TRANSF. DESDE CAJA CAJ 20010402172631  CH1              5,000.00
  
  --------------------------------------------------------------------------------
                                          ** POS TOTAL (CH2  ) **         5,000.00
                                          ** MIN AMOUNT **                5,000.00
                                          ** MAX AMOUNT **                5,000.00
                                          ** TRANSACTION COUNT **                1
  --------------------------------------------------------------------------------

























  
  
  26-01-2023 10:15:02 A                                                  5 of 6
  XYZ Bookstore                                           CASH TRANSACTIONS REPORT
  Caracas, Venezuela
  
  
  
     
    
                                    REPORT SUMMARY
    
                           005        ------>      20,000.00 
                           01         ------>   1,364,800.00 
                           02         ------>     268,000.00 
                           03         ------>     240,000.00 
                           CH1        ------>   6,688,252.82 
                           CH2        ------>       5,000.00 










































  
  
  26-01-2023 10:15:02 A                                                  6 of 6
