CUSTOMER REPORT 
 DUE 26-01-2023
1        Jacobs, Russell          Active    
2        Metzger, Philip W.       Active    
3        Boddie, John             Active    
4        Sydow, Dan Parks         Inactive  
6        Lloyd, John              Inactive  
8        Thiel, James R.          Inactive  
10       Ingham, Kenneth          Inactive  
12       Wellin, Paul             Inactive  
13       Kamin, Sam               Active    
14       Gaylord, Richard         Active    
15       Curry, Dave              Active    
17       Gardner, Juanita Mercado Inactive  
19       Knuth, Donald E.         Active    
21       Hakim, Jack              Inactive  
22       Winchell, Jeff           Active    
24       Clark, Claudia           Active    
25       Scott, Jack              Active    
27       Coolbaugh, James         Active    
29       Ladd, Scott Robert       Active    
31       Gabriel, Richard P.      Active    
33       Mitchell, John C.        Active    
35       Smolka, G.               Active    
37       Bowler, Norm             Active    
39       Sundaram, Rangarajan K.  Active    
41       Torkelson, Cary          Active    
43       Ashcroft, E.A.           Active    
44       Orgun, M.A.              Inactive  
46       Webster, Bruce           Active    
50       Kamp, Di                 Active    
52       Cooper, Michael D.       Active    
54       Loukides, Mike           Inactive  
56       Nichols, Bradford        Active    
58       Franklin,Carl            Inactive  
60       Ender, Thomas            Active    
62       Forman, Ira R.           Active    
63       Francez, Hissim          Inactive  
65       Wagner, David B.         Active    
67       Ben-Ari, Monti           Active    
69       Watkins, Ryan            Active    
70       Laurel, Chris            Active    
71       Fraize, Scott            Inactive  
72       Trujillo, Stan           Active    
73       Stevens, Al              Active    
75       Bulback, Fred            Active    
78       Schildt, Herbert         Active    
80       Smith, Tim               Inactive  
81       Portfolio, Tom           Active    
83       De Goes, John            Inactive  
84       Lampton, Christopher     Inactive  
86       Norman, Ronald J.        Active    
88       Bergin, Thomas J.        Active    
90       Knowlton, Todd           Active    
92       Jezequel, Jean-Marc      Active    
94       Siegel, Shel             Active    
96       Morley, Larry            Inactive  
98       Holzner, Steve           Active    
100      McClanahan, Kip          Active    
26-01-2023 10:16:58 AM                        1
CUSTOMER REPORT 
 DUE 26-01-2023
102      Bukauskas, Paul          Active    
104      Sierksma, Gerard         Active    
106      Canton, Maria P.         Active    
108      Molluzzo, John C.        Active    
110      Arnush, Craig            Active    
114      Shammas, Namir Clement   Active    
116      Stoughton, Catherine     Active    
117      Gapen, Patrice           Active    
119      Gaonkar, Ramesh S.       Inactive  
121      Sigfried, Stefan         Active    
123      Kalin, Martin            Active    
124      Johnsonbaugh, Richard    Inactive  
126      Ledgard, Henry           Active    
128      Zelkowitz, Marvin V.     Active    
129      Pratt, Terrence W.       Active    
130      Watson,Mark              Active    
132      Owens, Kevin T.          Active    
134      Harrington, Jan L.       Active    
136      Rojiani, Kamal B.        Active    
138      Brey, Barry B.           Active    
140      Northrup, Charles J.     Active    
142      Kuusela, Juha            Active    
143      Awad, Maher              Active    
145      Millspaugh, A. C.        Inactive  
146      Bradley, Julia Case      Active    
147      Levey, Robert            Active    
149      Sofer, Ariela            Active    
150      Nash, Stephen            Inactive  
152      Panik, Michael J.        Active    
154      Nance, Douglas W.        Active    
155      Lambert, Kenneth         Active    
157      Sen, Suvrajeet           Inactive  
158      Higle, Julia L.          Active    
160      Gradecki,Joe             Active    
161      Gradecki, Joe            Active    
163      Khan, M. B.              Active    
165      O'Donnell, Peggy         Active    
166      Phelps, Thomas C.        Inactive  
168      Chan, Y.C.               Inactive  
170      Hentzen, Whil            Inactive  
172      Searls, Kirk R.          Active    
173      Redpath, Richard         Active    
174      Petzold, Charles         Active    
176      Hergert, Douglas         Active    
178      Hartley, Stephen J.      Inactive  
180      Wynkoop, Stephen         Inactive  
182      Kan, Yuri S.             Active    
183      Kibzun, Andrey I.        Active    
185      Broquard, Vic            Active    
187      Diamond, Cliff           Active    
191      Farrell, Rob             Inactive  
193      Timmins, Bret            Inactive  
195      Rhodes, Neil             Active    
196      McKeehan, Julie          Active    
198      Prestwood, Mike          Active    
200      Barker, Scott            Active    
202      Mansfield, Kenneth       Active    
26-01-2023 10:16:58 AM                        2
CUSTOMER REPORT 
 DUE 26-01-2023
203      Antonakos, James L.      Active    
205      North, Kendall E.        Active    
207      Wilson, Gregory V.       Active    
209      Hustedde, Stephen F.     Inactive  
211      Denning, Adam            Active    
213      Callery, Michael         Active    
215      Forsmark, John           Active    
217      Phillipe, Krief          Active    
219      Pinter, J.               Active    
221      Sethi, Ravi              Active    
223      Ida, Tetsuo              Active    
224      Takeichi, Masato         Active    
226      Sebesta, Robert W.       Active    
228      Straley, Stephen J.      Active    
230      Shaio, Sami              Active    
231      Van Hoff, Arthur         Active    
233      Rothwell, J.             Active    
235      Orwant, John             Inactive  
237      Saini, Atul              Active    
238      Musser, David R.         Active    
240      Barth, Peter             Active    
242      Kruglinski, David J.     Inactive  
244      Vaughn, William          Active    
246      Menconi, Stephen J.      Active    
247      Bronson, Gary J.         Active    
249      Wilton, Rex              Inactive  
251      Dybvig, R. Kent          Active    
253      Thomas, Danielle         Active    
255      Dalang, Robert C.        Active    
256      Cairoli, R.              Active    
258      Schmidt, Douglas C.      Active    
260      Walli, S.                Active    
263      Liberty, Jesse           Active    
265      Pietrek, Matt            Active    
267      Becker, Peter            Active    
269      Thompson, Tom            Active    
271      Smith, Curtis            Active    
272      Amundsen, Michael        Active    
273      Mann, Anthony T.         Active    
275      Weems, Randy             Active    
276      Morrison, Michael        Inactive  
277      Lamothe, Andre           Active    
279      Solms, F.                Active    
280      Steeb, W.H               Active    
282      Castillo, Patrick Del    Inactive  
283      Bolton, Dave             Active    
285      Pappas, Chris H.         Active    
286      Murray, William H.       Inactive  
288      Shammas, Namir           Active    
290      Dybbig, Kent             Active    
292      Heller, Martin           Active    
294      Gunetti, Daniele         Active    
295      Bergadano, Francesco     Inactive  
297      Watson, Blake            Active    
299      Mattock, Michael G.      Active    
301      Hindley, J. Roger        Inactive  
303      Hagen, Mark              Active    
26-01-2023 10:16:58 AM                        3
CUSTOMER REPORT 
 DUE 26-01-2023
304      Rawls, Rod R.            Active    
306      Eykholt, Edward M.       Active    
307      Firesmith, Donald G.     Active    
309      Back, Thomas             Active    
311      Duffy, Daniel            Active    
313      Armstrong, Tom           Active    
315      Turini, Franco           Active    
316      Apt, Krzysztof R.        Active    
318      Mauszynski, Jan          Active    
319      Nilsson, Ulf             Inactive  
321      Finkel, Rafael A.        Active    
323      Islam, Nayeem            Inactive  
325      Casselman, R. S. O.      Active    
326      Buhr, R. J. A.           Active    
328      Henderson-Sellers, Brian Active    
330      Knouse, Charles          Inactive  
333      Sanchez, Julio           Active    
335      Eldred, Jim              Active    
336      Gale, Thornton           Inactive  
338      Lawlor, Steven C.        Inactive  
340      Barnes, John             Active    
344      Tieskoetter, Kevin       Active    
346      Pham,Thuan               Active    
348      Blinn, Bruce             Inactive  
350      Summit, Steve            Inactive  
352      Robbins, Steven          Inactive  
353      Robbins, Kay A.          Active    
355      Kanabar, Vijay           Active    
356      Kaluzniacky, Eugene      Active    
358      Ambler, Scott W.         Active    
360      Letsinger, Reed          Active    
361      Malan, Ruth              Active    
363      Ofitserov, Dimitri V.    Inactive  
364      German, O. V.            Inactive  
366      Braden, Richard P.       Active    
368      Schuchert, Brett L.      Active    
369      Glass, Graham            Active    
370      Adams, Lee               Active    
373      Thomas, Frank            Inactive  
374      Smith, James             Active    
376      Calvert, Charles         Active    
378      Carthy, Joe              Inactive  
380      Wojtkowski, Wita         Active    
381      Wojtkowski, W. Gregory   Inactive  
383      Mikes, Steven            Active    
385      Lawrence, Kenneth D.     Active    
387      Amenn, Robert K.         Active    
389      Howard, Chris            Active    
391      Drapkin, Michael         Active    
393      Heinze, William          Active    
396      Lampton, Chris           Active    
398      Ezzell, Ben              Active    
400      Mallette, Vincent        Inactive  
401      Watkins, Christopher     Active    
403      Harkey, Dan              Active    
404      Orfali, Robert           Active    
406      Babet, Bruneau           Active    
26-01-2023 10:16:58 AM                        4
CUSTOMER REPORT 
 DUE 26-01-2023
408      David, Reggie            Active    
410      Woollard, Rex            Active    
412      Kiely, Don               Inactive  
414      Grinzo, Lou              Active    
416      Pollatschek,Moshe        Active    
419      Burton, Peter            Active    
421      He, Jifeng               Inactive  
423      Vickers, Paul            Active    
424      Pardoe, John             Active    
425      King, Melvyn             Active    
426      Kelley, Dean             Active    
428      McSporran, W. Stewart    Inactive  
429      McMonnies, Alistair      Active    
431      Mansfield, Richard       Inactive  
433      Howard, Timothy          Active    
435      Ben-Natan, Ron           Active    
437      Sciomachen, Anna         Active    
439      Niddery, Wayne           Active    
440      Frerking, Gary           Active    
442      Gulley, Beverly          Active    
443      Matthias, Margaret       Inactive  
445      Mycroft, Alan            Active    
447      Poniatowski, Martin      Active    
449      Sridhar, M.A.            Active    
451      Warhol, Mark             Active    
453      Roy, Mark                Active    
454      Patrick, Paul            Active    
455      Otte, Randy              Active    
456      Young, Michael J.        Active    
460      Rolim, Jose D. P.        Active    
461      Ferreira, Afonso         Active    
463      Rossi, Francesca         Active    
464      Montanari, U.            Inactive  
466      Groh, Michael            Active    
467      Wolf, Rich               Inactive  
468      Madoni, Dan              Active    
474      Lewis, Gary M.           Active    
476      Lindenstrauss, Naomi     Active    
477      Dershowitz, Nachum       Active    
479      Stark, Mike              Active    
480      Seidewitz, Ed            Active    
482      Fogarty, Terence C.      Inactive  
484      Sellis, Timos            Active    
486      Van Loan, Charles F.     Active    
492      Howard, Norman           Active    
493      Trinder, Cooper          Inactive  
494      Williams, Paton          Active    
496      Hubbard, John R.         Active    
498      Delozier, Judith         Inactive  
499      Grinder, John            Active    
501      Panov, Arthur            Active    
502      Salomon, Larry, Jr.      Active    
503      Panov, Kathleen          Inactive  
505      Williams, Ben            Active    
507      Poirier, Joseph          Inactive  
508      Busey, Andrew            Active    
510      Meisner, Gail            Active    
26-01-2023 10:16:58 AM                        5
CUSTOMER REPORT 
 DUE 26-01-2023
511      Paolini, Dan             Active    
513      Mossenbock, Hanspeter    Active    
515      Ferraro, Richard F.      Inactive  
517      Leonhard, Woody          Active    
518      Krueger, Scott           Active    
520      Trudeau, Jim             Active    
522      Carver, Kevin G.         Active    
523      Steinman, Scott B.       Active    
525      Feuerstein, Steven       Active    
527      Feuerlicht, George       Active    
529      Gurewich, Ori            Inactive  
530      Gurewich, Nathan         Active    
532      Bonner, Pat              Active    
537      Roen, Leona              Inactive  
542      Van Dam, Andries         Inactive  
543      Niguidula, David         Active    
544      Conner, D. Brookshire    Inactive  
546      Gunn, John               Active    
547      Brentnall, Savannah      Active    
548      Sander, Ellen            Active    
550      Reynolds, Robert G.      Active    
551      McDonnell, John R.       Active    
553      Borger, Egon             Active    
555      Leininger, Kevin E.      Inactive  
559      Foulk, Clinton R.        Active    
561      Meijer, Erik             Active    
562      Jeuring, Johan           Inactive  
566      Lieberherr, Karl J.      Active    
567      Mark, Dave               Active    
568      Levitus, Bob             Active    
569      Lano, K.                 Active    
570      Thompson, Simon          Active    
571      Saigal, Romesh           Active    
572      Hochbaum, Dorit          Active    
573      Horstmann, Cay S.        Active    
574      McGibbon, Barry          Active    
575      Holub, Allen I.          Active    
576      Missaoui, R.             Active    
577      Alagar, Vangalur S.      Active    
579      Weber, Edward            Active    
580      Weber, Chris             Active    
581      Ford, J. Neal            Active    
583      Pardlos, P.M.            Active    
585      Martins, Ana Isabel      Active    
587      Hergert, Douglas A.      Inactive  
589      Levine, Ronald D.        Active    
591      Yao, Paul                Active    
595      Craighill, Nacy Knolle   Active    
597      Pritchard, Joe           Active    
599      Olthoff, Walter          Active    
601      Rydeheard, D. E.         Active    
602      Pitt, David              Active    
604      Defabia, Jim             Active    
605      Moseley, Tom             Active    
607      Sterling, Leon           Inactive  
609      Oualline, Steve          Active    
611      Bard, Dick               Active    
26-01-2023 10:16:58 AM                        6
CUSTOMER REPORT 
 DUE 26-01-2023
613      Hassinger, Sebastian     Inactive  
614      Gaither, Mark            Active    
615      Tittel, Ed               Active    
617      Wellin, Paul R.          Active    
618      Kamin, Samuel N.         Active    
619      Gaylord, Richard, J.     Active    
621      Nait Abdallah, Areski    Active    
623      North, Ken               Active    
624      Clinton, Bill            Removed   
















































26-01-2023 10:16:58 AM                        7
